<?xml version="1.0" encoding="utf-8"?><testsuites name="pytest tests"><testsuite name="pytest" errors="0" failures="1" skipped="0" tests="40" time="8.078" timestamp="2026-08-27T14:31:48.433867+00:00" hostname="agent-env-9f612e43-8f2b-4150-8b82-182538b26206"><testcase classname="backend.tests.backend_test.TestProducts" name="test_list_products_has_6" time="0.377" /><testcase classname="backend.tests.backend_test.TestProducts" name="test_products_featured_filter" time="0.069" /><testcase classname="backend.tests.backend_test.TestProducts" name="test_products_category_filter" time="0.087" /><testcase classname="backend.tests.backend_test.TestProducts" name="test_product_by_slug" time="0.069" /><testcase classname="backend.tests.backend_test.TestProducts" name="test_product_unknown_slug_404" time="0.069" /><testcase classname="backend.tests.backend_test.TestCategories" name="test_list_categories" time="0.069" /><testcase classname="backend.tests.backend_test.TestContent" name="test_content_keys[hero]" time="0.066" /><testcase classname="backend.tests.backend_test.TestContent" name="test_content_keys[about]" time="0.066" /><testcase classname="backend.tests.backend_test.TestContent" name="test_content_keys[contact]" time="0.063" /><testcase classname="backend.tests.backend_test.TestAuth" name="test_register_and_duplicate" time="0.395" /><testcase classname="backend.tests.backend_test.TestAuth" name="test_admin_login" time="0.307" /><testcase classname="backend.tests.backend_test.TestAuth" name="test_customer_login" time="0.594" /><testcase classname="backend.tests.backend_test.TestAuth" name="test_me_customer" time="0.064"><failure message="AssertionError: assert 'test_user_85...9@example.com' == 'TEST_user_85...9@example.com'&#10;  &#10;  - TEST_user_85bc5fc9@example.com&#10;  ? ^^^^&#10;  + test_user_85bc5fc9@example.com&#10;  ? ^^^^">backend/tests/backend_test.py:138: in test_me_customer
    assert r.json()["email"] == customer_creds["email"]
E   AssertionError: assert 'test_user_85...9@example.com' == 'TEST_user_85...9@example.com'
E     
E     - TEST_user_85bc5fc9@example.com
E     ? ^^^^
E     + test_user_85bc5fc9@example.com
E     ? ^^^^</failure></testcase><testcase classname="backend.tests.backend_test.TestAuth" name="test_me_admin" time="0.066" /><testcase classname="backend.tests.backend_test.TestAuth" name="test_profile_update_and_password_change" time="1.027" /><testcase classname="backend.tests.backend_test.TestAuth" name="test_my_orders_empty" time="0.067" /><testcase classname="backend.tests.backend_test.TestInquiries" name="test_create_inquiry" time="0.099" /><testcase classname="backend.tests.backend_test.TestInquiries" name="test_admin_inquiries_requires_admin" time="0.141" /><testcase classname="backend.tests.backend_test.TestInquiries" name="test_admin_inquiries_ok" time="0.080" /><testcase classname="backend.tests.backend_test.TestAdminCRUD" name="test_stats" time="0.071" /><testcase classname="backend.tests.backend_test.TestAdminCRUD" name="test_products_crud" time="0.405" /><testcase classname="backend.tests.backend_test.TestAdminCRUD" name="test_categories_crud" time="0.195" /><testcase classname="backend.tests.backend_test.TestAdminCRUD" name="test_media_crud" time="0.225" /><testcase classname="backend.tests.backend_test.TestAdminCRUD" name="test_content_upsert" time="0.141" /><testcase classname="backend.tests.backend_test.TestAdminCRUD" name="test_orders_admin" time="0.071" /><testcase classname="backend.tests.backend_test.TestAdminCRUD" name="test_payment_settings" time="0.151" /><testcase classname="backend.tests.backend_test.TestAuthGuards" name="test_no_token_401[/admin/stats]" time="0.064" /><testcase classname="backend.tests.backend_test.TestAuthGuards" name="test_no_token_401[/admin/orders]" time="0.061" /><testcase classname="backend.tests.backend_test.TestAuthGuards" name="test_no_token_401[/admin/products]" time="0.063" /><testcase classname="backend.tests.backend_test.TestAuthGuards" name="test_no_token_401[/admin/inquiries]" time="0.064" /><testcase classname="backend.tests.backend_test.TestAuthGuards" name="test_no_token_401[/admin/media]" time="0.064" /><testcase classname="backend.tests.backend_test.TestAuthGuards" name="test_no_token_401[/admin/payment-settings]" time="0.070" /><testcase classname="backend.tests.backend_test.TestAuthGuards" name="test_customer_token_403[/admin/stats]" time="0.072" /><testcase classname="backend.tests.backend_test.TestAuthGuards" name="test_customer_token_403[/admin/orders]" time="0.069" /><testcase classname="backend.tests.backend_test.TestAuthGuards" name="test_customer_token_403[/admin/products]" time="0.069" /><testcase classname="backend.tests.backend_test.TestAuthGuards" name="test_customer_token_403[/admin/inquiries]" time="0.121" /><testcase classname="backend.tests.backend_test.TestAuthGuards" name="test_customer_token_403[/admin/media]" time="0.066" /><testcase classname="backend.tests.backend_test.TestAuthGuards" name="test_customer_token_403[/admin/payment-settings]" time="0.074" /><testcase classname="backend.tests.backend_test.TestPayments" name="test_checkout_empty_cart_400" time="0.109" /><testcase classname="backend.tests.backend_test.TestPayments" name="test_checkout_creates_session" time="1.952" /></testsuite></testsuites>